2016-06-28 02:02:34 [-][-][-][error][yii\db\Exception] exception 'PDOException' with message 'SQLSTATE[HY000] [2002] Can't connect to local MySQL server through socket '/var/run/mysqld/mysqld.sock' (2)' in /opt/lampp/htdocs/sinar_purnama/vendor/yiisoft/yii2/db/Connection.php:600
Stack trace:
#0 /opt/lampp/htdocs/sinar_purnama/vendor/yiisoft/yii2/db/Connection.php(600): PDO->__construct('mysql:host=loca...', 'root', '', NULL)
#1 /opt/lampp/htdocs/sinar_purnama/vendor/yiisoft/yii2/db/Connection.php(542): yii\db\Connection->createPdoInstance()
#2 /opt/lampp/htdocs/sinar_purnama/vendor/yiisoft/yii2/db/Connection.php(861): yii\db\Connection->open()
#3 /opt/lampp/htdocs/sinar_purnama/vendor/yiisoft/yii2/db/Connection.php(848): yii\db\Connection->getMasterPdo()
#4 /opt/lampp/htdocs/sinar_purnama/vendor/yiisoft/yii2/db/Command.php(219): yii\db\Connection->getSlavePdo()
#5 /opt/lampp/htdocs/sinar_purnama/vendor/yiisoft/yii2/db/Command.php(894): yii\db\Command->prepare(true)
#6 /opt/lampp/htdocs/sinar_purnama/vendor/yiisoft/yii2/db/Command.php(362): yii\db\Command->queryInternal('fetchAll', NULL)
#7 /opt/lampp/htdocs/sinar_purnama/vendor/yiisoft/yii2/db/mysql/Schema.php(198): yii\db\Command->queryAll()
#8 /opt/lampp/htdocs/sinar_purnama/vendor/yiisoft/yii2/db/mysql/Schema.php(97): yii\db\mysql\Schema->findColumns(Object(yii\db\TableSchema))
#9 /opt/lampp/htdocs/sinar_purnama/vendor/yiisoft/yii2/db/Schema.php(149): yii\db\mysql\Schema->loadTableSchema('migration')
#10 /opt/lampp/htdocs/sinar_purnama/vendor/yiisoft/yii2/console/controllers/MigrateController.php(178): yii\db\Schema->getTableSchema('{{%migration}}', true)
#11 /opt/lampp/htdocs/sinar_purnama/vendor/yiisoft/yii2/console/controllers/BaseMigrateController.php(627): yii\console\controllers\MigrateController->getMigrationHistory(NULL)
#12 /opt/lampp/htdocs/sinar_purnama/vendor/yiisoft/yii2/console/controllers/BaseMigrateController.php(102): yii\console\controllers\BaseMigrateController->getNewMigrations()
#13 [internal function]: yii\console\controllers\BaseMigrateController->actionUp(0)
#14 /opt/lampp/htdocs/sinar_purnama/vendor/yiisoft/yii2/base/InlineAction.php(55): call_user_func_array(Array, Array)
#15 /opt/lampp/htdocs/sinar_purnama/vendor/yiisoft/yii2/base/Controller.php(154): yii\base\InlineAction->runWithParams(Array)
#16 /opt/lampp/htdocs/sinar_purnama/vendor/yiisoft/yii2/console/Controller.php(119): yii\base\Controller->runAction('', Array)
#17 /opt/lampp/htdocs/sinar_purnama/vendor/yiisoft/yii2/base/Module.php(454): yii\console\Controller->runAction('', Array)
#18 /opt/lampp/htdocs/sinar_purnama/vendor/yiisoft/yii2/console/Application.php(176): yii\base\Module->runAction('migrate', Array)
#19 /opt/lampp/htdocs/sinar_purnama/vendor/yiisoft/yii2/console/Application.php(143): yii\console\Application->runAction('migrate', Array)
#20 /opt/lampp/htdocs/sinar_purnama/vendor/yiisoft/yii2/base/Application.php(375): yii\console\Application->handleRequest(Object(yii\console\Request))
#21 /opt/lampp/htdocs/sinar_purnama/yii(27): yii\base\Application->run()
#22 {main}

Next exception 'yii\db\Exception' with message 'SQLSTATE[HY000] [2002] Can't connect to local MySQL server through socket '/var/run/mysqld/mysqld.sock' (2)' in /opt/lampp/htdocs/sinar_purnama/vendor/yiisoft/yii2/db/Connection.php:547
Stack trace:
#0 /opt/lampp/htdocs/sinar_purnama/vendor/yiisoft/yii2/db/Connection.php(861): yii\db\Connection->open()
#1 /opt/lampp/htdocs/sinar_purnama/vendor/yiisoft/yii2/db/Connection.php(848): yii\db\Connection->getMasterPdo()
#2 /opt/lampp/htdocs/sinar_purnama/vendor/yiisoft/yii2/db/Command.php(219): yii\db\Connection->getSlavePdo()
#3 /opt/lampp/htdocs/sinar_purnama/vendor/yiisoft/yii2/db/Command.php(894): yii\db\Command->prepare(true)
#4 /opt/lampp/htdocs/sinar_purnama/vendor/yiisoft/yii2/db/Command.php(362): yii\db\Command->queryInternal('fetchAll', NULL)
#5 /opt/lampp/htdocs/sinar_purnama/vendor/yiisoft/yii2/db/mysql/Schema.php(198): yii\db\Command->queryAll()
#6 /opt/lampp/htdocs/sinar_purnama/vendor/yiisoft/yii2/db/mysql/Schema.php(97): yii\db\mysql\Schema->findColumns(Object(yii\db\TableSchema))
#7 /opt/lampp/htdocs/sinar_purnama/vendor/yiisoft/yii2/db/Schema.php(149): yii\db\mysql\Schema->loadTableSchema('migration')
#8 /opt/lampp/htdocs/sinar_purnama/vendor/yiisoft/yii2/console/controllers/MigrateController.php(178): yii\db\Schema->getTableSchema('{{%migration}}', true)
#9 /opt/lampp/htdocs/sinar_purnama/vendor/yiisoft/yii2/console/controllers/BaseMigrateController.php(627): yii\console\controllers\MigrateController->getMigrationHistory(NULL)
#10 /opt/lampp/htdocs/sinar_purnama/vendor/yiisoft/yii2/console/controllers/BaseMigrateController.php(102): yii\console\controllers\BaseMigrateController->getNewMigrations()
#11 [internal function]: yii\console\controllers\BaseMigrateController->actionUp(0)
#12 /opt/lampp/htdocs/sinar_purnama/vendor/yiisoft/yii2/base/InlineAction.php(55): call_user_func_array(Array, Array)
#13 /opt/lampp/htdocs/sinar_purnama/vendor/yiisoft/yii2/base/Controller.php(154): yii\base\InlineAction->runWithParams(Array)
#14 /opt/lampp/htdocs/sinar_purnama/vendor/yiisoft/yii2/console/Controller.php(119): yii\base\Controller->runAction('', Array)
#15 /opt/lampp/htdocs/sinar_purnama/vendor/yiisoft/yii2/base/Module.php(454): yii\console\Controller->runAction('', Array)
#16 /opt/lampp/htdocs/sinar_purnama/vendor/yiisoft/yii2/console/Application.php(176): yii\base\Module->runAction('migrate', Array)
#17 /opt/lampp/htdocs/sinar_purnama/vendor/yiisoft/yii2/console/Application.php(143): yii\console\Application->runAction('migrate', Array)
#18 /opt/lampp/htdocs/sinar_purnama/vendor/yiisoft/yii2/base/Application.php(375): yii\console\Application->handleRequest(Object(yii\console\Request))
#19 /opt/lampp/htdocs/sinar_purnama/yii(27): yii\base\Application->run()
#20 {main}
Additional Information:

2016-06-28 02:02:34 [-][-][-][info][application] $_SERVER = [
    'XDG_VTNR' => '7'
    'LC_PAPER' => 'en_US.UTF-8'
    'LC_ADDRESS' => 'en_US.UTF-8'
    'XDG_SESSION_ID' => 'c2'
    'XDG_GREETER_DATA_DIR' => '/var/lib/lightdm-data/muri'
    'LC_MONETARY' => 'en_US.UTF-8'
    'CLUTTER_IM_MODULE' => 'xim'
    'SESSION' => 'ubuntu'
    'TERM' => 'xterm-256color'
    'VTE_VERSION' => '4002'
    'XDG_MENU_PREFIX' => 'gnome-'
    'SHELL' => '/bin/bash'
    'WINDOWID' => '65018786'
    'LC_NUMERIC' => 'en_US.UTF-8'
    'UPSTART_SESSION' => 'unix:abstract=/com/ubuntu/upstart-session/1000/3705'
    'GNOME_KEYRING_CONTROL' => ''
    'TIME_STYLE' => '+%Y-%m-%d %H:%M:%S'
    'GTK_MODULES' => 'unity-gtk-module'
    'USER' => 'muri'
    'LS_COLORS' => 'rs=0:di=01;34:ln=01;36:mh=00:pi=40;33:so=01;35:do=01;35:bd=40;33;01:cd=40;33;01:or=40;31;01:su=37;41:sg=30;43:ca=30;41:tw=30;42:ow=34;42:st=37;44:ex=01;32:*.tar=01;31:*.tgz=01;31:*.arc=01;31:*.arj=01;31:*.taz=01;31:*.lha=01;31:*.lz4=01;31:*.lzh=01;31:*.lzma=01;31:*.tlz=01;31:*.txz=01;31:*.tzo=01;31:*.t7z=01;31:*.zip=01;31:*.z=01;31:*.Z=01;31:*.dz=01;31:*.gz=01;31:*.lrz=01;31:*.lz=01;31:*.lzo=01;31:*.xz=01;31:*.bz2=01;31:*.bz=01;31:*.tbz=01;31:*.tbz2=01;31:*.tz=01;31:*.deb=01;31:*.rpm=01;31:*.jar=01;31:*.war=01;31:*.ear=01;31:*.sar=01;31:*.rar=01;31:*.alz=01;31:*.ace=01;31:*.zoo=01;31:*.cpio=01;31:*.7z=01;31:*.rz=01;31:*.cab=01;31:*.jpg=01;35:*.jpeg=01;35:*.gif=01;35:*.bmp=01;35:*.pbm=01;35:*.pgm=01;35:*.ppm=01;35:*.tga=01;35:*.xbm=01;35:*.xpm=01;35:*.tif=01;35:*.tiff=01;35:*.png=01;35:*.svg=01;35:*.svgz=01;35:*.mng=01;35:*.pcx=01;35:*.mov=01;35:*.mpg=01;35:*.mpeg=01;35:*.m2v=01;35:*.mkv=01;35:*.webm=01;35:*.ogm=01;35:*.mp4=01;35:*.m4v=01;35:*.mp4v=01;35:*.vob=01;35:*.qt=01;35:*.nuv=01;35:*.wmv=01;35:*.asf=01;35:*.rm=01;35:*.rmvb=01;35:*.flc=01;35:*.avi=01;35:*.fli=01;35:*.flv=01;35:*.gl=01;35:*.dl=01;35:*.xcf=01;35:*.xwd=01;35:*.yuv=01;35:*.cgm=01;35:*.emf=01;35:*.axv=01;35:*.anx=01;35:*.ogv=01;35:*.ogx=01;35:*.aac=00;36:*.au=00;36:*.flac=00;36:*.m4a=00;36:*.mid=00;36:*.midi=00;36:*.mka=00;36:*.mp3=00;36:*.mpc=00;36:*.ogg=00;36:*.ra=00;36:*.wav=00;36:*.axa=00;36:*.oga=00;36:*.spx=00;36:*.xspf=00;36:'
    'LC_TELEPHONE' => 'en_US.UTF-8'
    'XDG_SESSION_PATH' => '/org/freedesktop/DisplayManager/Session0'
    'XDG_SEAT_PATH' => '/org/freedesktop/DisplayManager/Seat0'
    'SSH_AUTH_SOCK' => '/run/user/1000/keyring/ssh'
    'SESSION_MANAGER' => 'local/muri-Lenovo-G40-45:@/tmp/.ICE-unix/3891,unix/muri-Lenovo-G40-45:/tmp/.ICE-unix/3891'
    'DEFAULTS_PATH' => '/usr/share/gconf/ubuntu.default.path'
    'XDG_CONFIG_DIRS' => '/etc/xdg/xdg-ubuntu:/usr/share/upstart/xdg:/etc/xdg'
    'DESKTOP_SESSION' => 'ubuntu'
    'PATH' => '/usr/local/sbin:/usr/local/bin:/usr/sbin:/usr/bin:/sbin:/bin:/usr/games:/usr/local/games'
    'QT_IM_MODULE' => 'ibus'
    'QT_QPA_PLATFORMTHEME' => 'appmenu-qt5'
    'LC_IDENTIFICATION' => 'en_US.UTF-8'
    'XDG_SESSION_TYPE' => 'x11'
    'PWD' => '/opt/lampp/htdocs/sinar_purnama'
    'JOB' => 'dbus'
    'XMODIFIERS' => '@im=ibus'
    'GNOME_KEYRING_PID' => ''
    'LANG' => 'id_ID.UTF-8'
    'GDM_LANG' => 'id_ID'
    'MANDATORY_PATH' => '/usr/share/gconf/ubuntu.mandatory.path'
    'LC_MEASUREMENT' => 'en_US.UTF-8'
    'COMPIZ_CONFIG_PROFILE' => 'ubuntu'
    'IM_CONFIG_PHASE' => '1'
    'PAPERSIZE' => 'letter'
    'GDMSESSION' => 'ubuntu'
    'SESSIONTYPE' => 'gnome-session'
    'GTK2_MODULES' => 'overlay-scrollbar'
    'SHLVL' => '1'
    'HOME' => '/home/muri'
    'XDG_SEAT' => 'seat0'
    'LANGUAGE' => 'id_ID:id'
    'GNOME_DESKTOP_SESSION_ID' => 'this-is-deprecated'
    'XDG_SESSION_DESKTOP' => 'ubuntu'
    'LOGNAME' => 'muri'
    'DBUS_SESSION_BUS_ADDRESS' => 'unix:abstract=/tmp/dbus-2HHEQ8wLqW'
    'XDG_DATA_DIRS' => '/usr/share/ubuntu:/usr/share/gnome:/usr/local/share/:/usr/share/'
    'QT4_IM_MODULE' => 'xim'
    'LESSOPEN' => '| /usr/bin/lesspipe %s'
    'INSTANCE' => ''
    'XDG_RUNTIME_DIR' => '/run/user/1000'
    'DISPLAY' => ':0'
    'XDG_CURRENT_DESKTOP' => 'Unity'
    'GTK_IM_MODULE' => 'ibus'
    'LESSCLOSE' => '/usr/bin/lesspipe %s %s'
    'LC_TIME' => 'en_US.UTF-8'
    'LC_NAME' => 'en_US.UTF-8'
    'XAUTHORITY' => '/home/muri/.Xauthority'
    '_' => '/usr/bin/php'
    'PHP_SELF' => 'yii'
    'SCRIPT_NAME' => 'yii'
    'SCRIPT_FILENAME' => 'yii'
    'PATH_TRANSLATED' => 'yii'
    'DOCUMENT_ROOT' => ''
    'REQUEST_TIME_FLOAT' => 1467079354.0789
    'REQUEST_TIME' => 1467079354
    'argv' => [
        0 => 'yii'
        1 => 'migrate'
    ]
    'argc' => 2
]
2016-06-28 02:07:01 [-][-][-][error][yii\base\UnknownPropertyException] exception 'yii\base\UnknownPropertyException' with message 'Getting unknown property: m130524_201442_init::date' in /opt/lampp/htdocs/sinar_purnama/vendor/yiisoft/yii2/base/Component.php:143
Stack trace:
#0 /opt/lampp/htdocs/sinar_purnama/console/migrations/m130524_201442_init.php(24): yii\base\Component->__get('date')
#1 /opt/lampp/htdocs/sinar_purnama/vendor/yiisoft/yii2/console/controllers/BaseMigrateController.php(509): m130524_201442_init->up()
#2 /opt/lampp/htdocs/sinar_purnama/vendor/yiisoft/yii2/console/controllers/BaseMigrateController.php(130): yii\console\controllers\BaseMigrateController->migrateUp('m130524_201442_...')
#3 [internal function]: yii\console\controllers\BaseMigrateController->actionUp(0)
#4 /opt/lampp/htdocs/sinar_purnama/vendor/yiisoft/yii2/base/InlineAction.php(55): call_user_func_array(Array, Array)
#5 /opt/lampp/htdocs/sinar_purnama/vendor/yiisoft/yii2/base/Controller.php(154): yii\base\InlineAction->runWithParams(Array)
#6 /opt/lampp/htdocs/sinar_purnama/vendor/yiisoft/yii2/console/Controller.php(119): yii\base\Controller->runAction('', Array)
#7 /opt/lampp/htdocs/sinar_purnama/vendor/yiisoft/yii2/base/Module.php(454): yii\console\Controller->runAction('', Array)
#8 /opt/lampp/htdocs/sinar_purnama/vendor/yiisoft/yii2/console/Application.php(176): yii\base\Module->runAction('migrate', Array)
#9 /opt/lampp/htdocs/sinar_purnama/vendor/yiisoft/yii2/console/Application.php(143): yii\console\Application->runAction('migrate', Array)
#10 /opt/lampp/htdocs/sinar_purnama/vendor/yiisoft/yii2/base/Application.php(375): yii\console\Application->handleRequest(Object(yii\console\Request))
#11 /opt/lampp/htdocs/sinar_purnama/yii(27): yii\base\Application->run()
#12 {main}
2016-06-28 02:06:59 [-][-][-][info][application] $_SERVER = [
    'XDG_VTNR' => '7'
    'LC_PAPER' => 'en_US.UTF-8'
    'LC_ADDRESS' => 'en_US.UTF-8'
    'XDG_SESSION_ID' => 'c2'
    'XDG_GREETER_DATA_DIR' => '/var/lib/lightdm-data/muri'
    'LC_MONETARY' => 'en_US.UTF-8'
    'CLUTTER_IM_MODULE' => 'xim'
    'SESSION' => 'ubuntu'
    'TERM' => 'xterm-256color'
    'VTE_VERSION' => '4002'
    'XDG_MENU_PREFIX' => 'gnome-'
    'SHELL' => '/bin/bash'
    'WINDOWID' => '65018786'
    'LC_NUMERIC' => 'en_US.UTF-8'
    'UPSTART_SESSION' => 'unix:abstract=/com/ubuntu/upstart-session/1000/3705'
    'GNOME_KEYRING_CONTROL' => ''
    'TIME_STYLE' => '+%Y-%m-%d %H:%M:%S'
    'GTK_MODULES' => 'unity-gtk-module'
    'USER' => 'muri'
    'LS_COLORS' => 'rs=0:di=01;34:ln=01;36:mh=00:pi=40;33:so=01;35:do=01;35:bd=40;33;01:cd=40;33;01:or=40;31;01:su=37;41:sg=30;43:ca=30;41:tw=30;42:ow=34;42:st=37;44:ex=01;32:*.tar=01;31:*.tgz=01;31:*.arc=01;31:*.arj=01;31:*.taz=01;31:*.lha=01;31:*.lz4=01;31:*.lzh=01;31:*.lzma=01;31:*.tlz=01;31:*.txz=01;31:*.tzo=01;31:*.t7z=01;31:*.zip=01;31:*.z=01;31:*.Z=01;31:*.dz=01;31:*.gz=01;31:*.lrz=01;31:*.lz=01;31:*.lzo=01;31:*.xz=01;31:*.bz2=01;31:*.bz=01;31:*.tbz=01;31:*.tbz2=01;31:*.tz=01;31:*.deb=01;31:*.rpm=01;31:*.jar=01;31:*.war=01;31:*.ear=01;31:*.sar=01;31:*.rar=01;31:*.alz=01;31:*.ace=01;31:*.zoo=01;31:*.cpio=01;31:*.7z=01;31:*.rz=01;31:*.cab=01;31:*.jpg=01;35:*.jpeg=01;35:*.gif=01;35:*.bmp=01;35:*.pbm=01;35:*.pgm=01;35:*.ppm=01;35:*.tga=01;35:*.xbm=01;35:*.xpm=01;35:*.tif=01;35:*.tiff=01;35:*.png=01;35:*.svg=01;35:*.svgz=01;35:*.mng=01;35:*.pcx=01;35:*.mov=01;35:*.mpg=01;35:*.mpeg=01;35:*.m2v=01;35:*.mkv=01;35:*.webm=01;35:*.ogm=01;35:*.mp4=01;35:*.m4v=01;35:*.mp4v=01;35:*.vob=01;35:*.qt=01;35:*.nuv=01;35:*.wmv=01;35:*.asf=01;35:*.rm=01;35:*.rmvb=01;35:*.flc=01;35:*.avi=01;35:*.fli=01;35:*.flv=01;35:*.gl=01;35:*.dl=01;35:*.xcf=01;35:*.xwd=01;35:*.yuv=01;35:*.cgm=01;35:*.emf=01;35:*.axv=01;35:*.anx=01;35:*.ogv=01;35:*.ogx=01;35:*.aac=00;36:*.au=00;36:*.flac=00;36:*.m4a=00;36:*.mid=00;36:*.midi=00;36:*.mka=00;36:*.mp3=00;36:*.mpc=00;36:*.ogg=00;36:*.ra=00;36:*.wav=00;36:*.axa=00;36:*.oga=00;36:*.spx=00;36:*.xspf=00;36:'
    'LC_TELEPHONE' => 'en_US.UTF-8'
    'XDG_SESSION_PATH' => '/org/freedesktop/DisplayManager/Session0'
    'XDG_SEAT_PATH' => '/org/freedesktop/DisplayManager/Seat0'
    'SSH_AUTH_SOCK' => '/run/user/1000/keyring/ssh'
    'SESSION_MANAGER' => 'local/muri-Lenovo-G40-45:@/tmp/.ICE-unix/3891,unix/muri-Lenovo-G40-45:/tmp/.ICE-unix/3891'
    'DEFAULTS_PATH' => '/usr/share/gconf/ubuntu.default.path'
    'XDG_CONFIG_DIRS' => '/etc/xdg/xdg-ubuntu:/usr/share/upstart/xdg:/etc/xdg'
    'DESKTOP_SESSION' => 'ubuntu'
    'PATH' => '/usr/local/sbin:/usr/local/bin:/usr/sbin:/usr/bin:/sbin:/bin:/usr/games:/usr/local/games'
    'QT_IM_MODULE' => 'ibus'
    'QT_QPA_PLATFORMTHEME' => 'appmenu-qt5'
    'LC_IDENTIFICATION' => 'en_US.UTF-8'
    'XDG_SESSION_TYPE' => 'x11'
    'PWD' => '/opt/lampp/htdocs/sinar_purnama'
    'JOB' => 'dbus'
    'XMODIFIERS' => '@im=ibus'
    'GNOME_KEYRING_PID' => ''
    'LANG' => 'id_ID.UTF-8'
    'GDM_LANG' => 'id_ID'
    'MANDATORY_PATH' => '/usr/share/gconf/ubuntu.mandatory.path'
    'LC_MEASUREMENT' => 'en_US.UTF-8'
    'COMPIZ_CONFIG_PROFILE' => 'ubuntu'
    'IM_CONFIG_PHASE' => '1'
    'PAPERSIZE' => 'letter'
    'GDMSESSION' => 'ubuntu'
    'SESSIONTYPE' => 'gnome-session'
    'GTK2_MODULES' => 'overlay-scrollbar'
    'SHLVL' => '1'
    'HOME' => '/home/muri'
    'XDG_SEAT' => 'seat0'
    'LANGUAGE' => 'id_ID:id'
    'GNOME_DESKTOP_SESSION_ID' => 'this-is-deprecated'
    'XDG_SESSION_DESKTOP' => 'ubuntu'
    'LOGNAME' => 'muri'
    'DBUS_SESSION_BUS_ADDRESS' => 'unix:abstract=/tmp/dbus-2HHEQ8wLqW'
    'XDG_DATA_DIRS' => '/usr/share/ubuntu:/usr/share/gnome:/usr/local/share/:/usr/share/'
    'QT4_IM_MODULE' => 'xim'
    'LESSOPEN' => '| /usr/bin/lesspipe %s'
    'INSTANCE' => ''
    'XDG_RUNTIME_DIR' => '/run/user/1000'
    'DISPLAY' => ':0'
    'XDG_CURRENT_DESKTOP' => 'Unity'
    'GTK_IM_MODULE' => 'ibus'
    'LESSCLOSE' => '/usr/bin/lesspipe %s %s'
    'LC_TIME' => 'en_US.UTF-8'
    'LC_NAME' => 'en_US.UTF-8'
    'XAUTHORITY' => '/home/muri/.Xauthority'
    '_' => '/usr/bin/php'
    'PHP_SELF' => 'yii'
    'SCRIPT_NAME' => 'yii'
    'SCRIPT_FILENAME' => 'yii'
    'PATH_TRANSLATED' => 'yii'
    'DOCUMENT_ROOT' => ''
    'REQUEST_TIME_FLOAT' => 1467079619.6147
    'REQUEST_TIME' => 1467079619
    'argv' => [
        0 => 'yii'
        1 => 'migrate'
    ]
    'argc' => 2
]
